<?xml version="1.0" encoding="UTF-8"?>
<testsuite xmlns:xsi="http://www.w3.org/2001/XMLSchema-instance" xsi:noNamespaceSchemaLocation="https://maven.apache.org/surefire/maven-surefire-plugin/xsd/surefire-test-report-3.0.xsd" version="3.0" name="nz.ac.wgtn.swen301.restappender.server.TestStatsHTML" time="0.143" tests="1" errors="0" skipped="0" failures="0">
  <properties>
[...]
</properties>
  <testcase name="testGetStatsHTML" classname="nz.ac.wgtn.swen301.restappender.server.TestStatsHTML" time="0.141">
    <system-out><![CDATA[Invalid row: <th>Logger</th>
<th>ALL</th>
<th>TRACE</th>
<th>DEBUG</th>
<th>INFO</th>
<th>WARN</th>
<th>ERROR</th>
<th>FATAL</th>
<th>OFF</th>
]]></system-out>
  </testcase>
</testsuite>